The system is: Windows - 10.0.19044 - AMD64
Compiling the C compiler identification source file "CMakeCCompilerId.c" succeeded.
Compiler: C:/Program Files (x86)/Microsoft Visual Studio/2019/BuildTools/VC/Tools/MSVC/14.29.30133/bin/Hostx86/x86/cl.exe 
Build flags: 
Id flags:  

The output was:
0
Compilador de optimización de C/C++ de Microsoft (R) versión 19.29.30145 para x86
(C) Microsoft Corporation. Todos los derechos reservados.

CMakeCCompilerId.c
Microsoft (R) Incremental Linker Version 14.29.30145.0
Copyright (C) Microsoft Corporation.  All rights reserved.

/out:CMakeCCompilerId.exe 
CMakeCCompilerId.obj 


Compilation of the C compiler identification source "CMakeCCompilerId.c" produced "CMakeCCompilerId.exe"

Compilation of the C compiler identification source "CMakeCCompilerId.c" produced "CMakeCCompilerId.obj"

The C compiler identification is MSVC, found in "C:/Users/aguat/OneDrive/Documentos/GitHub/Raspberry-Pi-Pico-Projects/DAC-R2R/DAC_R2R/build/elf2uf2/CMakeFiles/3.20.6/CompilerIdC/CMakeCCompilerId.exe"

Compiling the CXX compiler identification source file "CMakeCXXCompilerId.cpp" succeeded.
Compiler: C:/Program Files (x86)/Microsoft Visual Studio/2019/BuildTools/VC/Tools/MSVC/14.29.30133/bin/Hostx86/x86/cl.exe 
Build flags: 
Id flags:  

The output was:
0
Compilador de optimización de C/C++ de Microsoft (R) versión 19.29.30145 para x86
(C) Microsoft Corporation. Todos los derechos reservados.

CMakeCXXCompilerId.cpp
Microsoft (R) Incremental Linker Version 14.29.30145.0
Copyright (C) Microsoft Corporation.  All rights reserved.

/out:CMakeCXXCompilerId.exe 
CMakeCXXCompilerId.obj 


Compilation of the CXX compiler identification source "CMakeCXXCompilerId.cpp" produced "CMakeCXXCompilerId.exe"

Compilation of the CXX compiler identification source "CMakeCXXCompilerId.cpp" produced "CMakeCXXCompilerId.obj"

The CXX compiler identification is MSVC, found in "C:/Users/aguat/OneDrive/Documentos/GitHub/Raspberry-Pi-Pico-Projects/DAC-R2R/DAC_R2R/build/elf2uf2/CMakeFiles/3.20.6/CompilerIdCXX/CMakeCXXCompilerId.exe"

Detecting C compiler ABI info compiled with the following output:
Change Dir: C:/Users/aguat/OneDrive/Documentos/GitHub/Raspberry-Pi-Pico-Projects/DAC-R2R/DAC_R2R/build/elf2uf2/CMakeFiles/CMakeTmp

Run Build Command(s):C:/PROGRA~2/MICROS~2/2019/BUILDT~1/Common7/IDE/COMMON~1/MICROS~1/CMake/Ninja/ninja.exe cmTC_efc0f && [1/2  50% :: 2.353] Building C object CMakeFiles\cmTC_efc0f.dir\CMakeCCompilerABI.c.obj
Nota: inclusión del archivo: C:\Program Files\CMake\share\cmake-3.20\Modules\CMakeCompilerABI.h
[2/2 100% :: 9.183] Linking C executable cmTC_efc0f.exe



Detecting CXX compiler ABI info compiled with the following output:
Change Dir: C:/Users/aguat/OneDrive/Documentos/GitHub/Raspberry-Pi-Pico-Projects/DAC-R2R/DAC_R2R/build/elf2uf2/CMakeFiles/CMakeTmp

Run Build Command(s):C:/PROGRA~2/MICROS~2/2019/BUILDT~1/Common7/IDE/COMMON~1/MICROS~1/CMake/Ninja/ninja.exe cmTC_15889 && [1/2  50% :: 1.233] Building CXX object CMakeFiles\cmTC_15889.dir\CMakeCXXCompilerABI.cpp.obj
Nota: inclusión del archivo: C:\Program Files\CMake\share\cmake-3.20\Modules\CMakeCompilerABI.h
[2/2 100% :: 4.666] Linking CXX executable cmTC_15889.exe



