The system is: Windows - 10.0.19042 - AMD64
Compiling the C compiler identification source file "CMakeCCompilerId.c" succeeded.
Compiler: C:/Program Files (x86)/Microsoft Visual Studio/2019/BuildTools/VC/Tools/MSVC/14.28.29910/bin/Hostx86/x86/cl.exe 
Build flags: 
Id flags:  

The output was:
0
Compilador de optimización de C/C++ de Microsoft (R) versión 19.28.29914 para x86
(C) Microsoft Corporation. Todos los derechos reservados.

CMakeCCompilerId.c
Microsoft (R) Incremental Linker Version 14.28.29914.0
Copyright (C) Microsoft Corporation.  All rights reserved.

/out:CMakeCCompilerId.exe 
CMakeCCompilerId.obj 


Compilation of the C compiler identification source "CMakeCCompilerId.c" produced "CMakeCCompilerId.exe"

Compilation of the C compiler identification source "CMakeCCompilerId.c" produced "CMakeCCompilerId.obj"

The C compiler identification is MSVC, found in "C:/Users/aguat/OneDrive/Programacion Microcontroladores/Github/Programas/Raspberry Pi Pico/Programacion en C/Hola Mundo/Hola_Mundo/build/elf2uf2/CMakeFiles/3.20.1/CompilerIdC/CMakeCCompilerId.exe"

Compiling the CXX compiler identification source file "CMakeCXXCompilerId.cpp" succeeded.
Compiler: C:/Program Files (x86)/Microsoft Visual Studio/2019/BuildTools/VC/Tools/MSVC/14.28.29910/bin/Hostx86/x86/cl.exe 
Build flags: 
Id flags:  

The output was:
0
Compilador de optimización de C/C++ de Microsoft (R) versión 19.28.29914 para x86
(C) Microsoft Corporation. Todos los derechos reservados.

CMakeCXXCompilerId.cpp
Microsoft (R) Incremental Linker Version 14.28.29914.0
Copyright (C) Microsoft Corporation.  All rights reserved.

/out:CMakeCXXCompilerId.exe 
CMakeCXXCompilerId.obj 


Compilation of the CXX compiler identification source "CMakeCXXCompilerId.cpp" produced "CMakeCXXCompilerId.exe"

Compilation of the CXX compiler identification source "CMakeCXXCompilerId.cpp" produced "CMakeCXXCompilerId.obj"

The CXX compiler identification is MSVC, found in "C:/Users/aguat/OneDrive/Programacion Microcontroladores/Github/Programas/Raspberry Pi Pico/Programacion en C/Hola Mundo/Hola_Mundo/build/elf2uf2/CMakeFiles/3.20.1/CompilerIdCXX/CMakeCXXCompilerId.exe"

Detecting C compiler ABI info compiled with the following output:
Change Dir: C:/Users/aguat/OneDrive/Programacion Microcontroladores/Github/Programas/Raspberry Pi Pico/Programacion en C/Hola Mundo/Hola_Mundo/build/elf2uf2/CMakeFiles/CMakeTmp

Run Build Command(s):nmake -f Makefile /nologo cmTC_04d3c\fast && 	"C:\Program Files (x86)\Microsoft Visual Studio\2019\BuildTools\VC\Tools\MSVC\14.28.29910\bin\HostX86\x86\nmake.exe"  -f CMakeFiles\cmTC_04d3c.dir\build.make /nologo -L                  CMakeFiles\cmTC_04d3c.dir\build
Building C object CMakeFiles/cmTC_04d3c.dir/CMakeCCompilerABI.c.obj
	"C:\Program Files\CMake\bin\cmake.exe" -E cmake_cl_compile_depends --dep-file=CMakeFiles\cmTC_04d3c.dir\CMakeCCompilerABI.c.obj.d --working-dir="C:\Users\aguat\OneDrive\Programacion Microcontroladores\Github\Programas\Raspberry Pi Pico\Programacion en C\Hola Mundo\Hola_Mundo\build\elf2uf2\CMakeFiles\CMakeTmp" --filter-prefix="Nota: inclusi¾n del archivo: " -- C:\PROGRA~2\MICROS~1\2019\BUILDT~1\VC\Tools\MSVC\1428~1.299\bin\Hostx86\x86\cl.exe @C:\Users\aguat\AppData\Local\Temp\nm148B.tmp
CMakeCCompilerABI.c
Linking C executable cmTC_04d3c.exe
	"C:\Program Files\CMake\bin\cmake.exe" -E vs_link_exe --intdir=CMakeFiles\cmTC_04d3c.dir --rc=C:\PROGRA~2\WI3CF2~1\10\bin\100190~1.0\x86\rc.exe --mt=C:\PROGRA~2\WI3CF2~1\10\bin\100190~1.0\x86\mt.exe --manifests -- C:\PROGRA~2\MICROS~1\2019\BUILDT~1\VC\Tools\MSVC\1428~1.299\bin\Hostx86\x86\link.exe /nologo @CMakeFiles\cmTC_04d3c.dir\objects1.rsp @C:\Users\aguat\AppData\Local\Temp\nm2044.tmp



Detecting CXX compiler ABI info compiled with the following output:
Change Dir: C:/Users/aguat/OneDrive/Programacion Microcontroladores/Github/Programas/Raspberry Pi Pico/Programacion en C/Hola Mundo/Hola_Mundo/build/elf2uf2/CMakeFiles/CMakeTmp

Run Build Command(s):nmake -f Makefile /nologo cmTC_b8a72\fast && 	"C:\Program Files (x86)\Microsoft Visual Studio\2019\BuildTools\VC\Tools\MSVC\14.28.29910\bin\HostX86\x86\nmake.exe"  -f CMakeFiles\cmTC_b8a72.dir\build.make /nologo -L                  CMakeFiles\cmTC_b8a72.dir\build
Building CXX object CMakeFiles/cmTC_b8a72.dir/CMakeCXXCompilerABI.cpp.obj
	"C:\Program Files\CMake\bin\cmake.exe" -E cmake_cl_compile_depends --dep-file=CMakeFiles\cmTC_b8a72.dir\CMakeCXXCompilerABI.cpp.obj.d --working-dir="C:\Users\aguat\OneDrive\Programacion Microcontroladores\Github\Programas\Raspberry Pi Pico\Programacion en C\Hola Mundo\Hola_Mundo\build\elf2uf2\CMakeFiles\CMakeTmp" --filter-prefix="Nota: inclusi¾n del archivo: " -- C:\PROGRA~2\MICROS~1\2019\BUILDT~1\VC\Tools\MSVC\1428~1.299\bin\Hostx86\x86\cl.exe @C:\Users\aguat\AppData\Local\Temp\nm362C.tmp
CMakeCXXCompilerABI.cpp
Linking CXX executable cmTC_b8a72.exe
	"C:\Program Files\CMake\bin\cmake.exe" -E vs_link_exe --intdir=CMakeFiles\cmTC_b8a72.dir --rc=C:\PROGRA~2\WI3CF2~1\10\bin\100190~1.0\x86\rc.exe --mt=C:\PROGRA~2\WI3CF2~1\10\bin\100190~1.0\x86\mt.exe --manifests -- C:\PROGRA~2\MICROS~1\2019\BUILDT~1\VC\Tools\MSVC\1428~1.299\bin\Hostx86\x86\link.exe /nologo @CMakeFiles\cmTC_b8a72.dir\objects1.rsp @C:\Users\aguat\AppData\Local\Temp\nm394A.tmp



